c:\users\game104\desktop\自作ツール\landscape\debug\vc140.pdb
c:\users\game104\desktop\自作ツール\landscape\debug\vc140.idb
c:\users\game104\desktop\自作ツール\landscape\debug\camera.obj
c:\users\game104\desktop\自作ツール\landscape\debug\debugproc.obj
c:\users\game104\desktop\自作ツール\landscape\debug\input.obj
c:\users\game104\desktop\自作ツール\landscape\debug\light.obj
c:\users\game104\desktop\自作ツール\landscape\debug\main.obj
c:\users\game104\desktop\自作ツール\landscape\debug\manager.obj
c:\users\game104\desktop\自作ツール\landscape\debug\meshfield.obj
c:\users\game104\desktop\自作ツール\landscape\debug\player.obj
c:\users\game104\desktop\自作ツール\landscape\debug\renderer.obj
c:\users\game104\desktop\自作ツール\landscape\debug\scene.obj
c:\users\game104\desktop\自作ツール\landscape\debug\scene3dindex.obj
c:\users\game104\desktop\自作ツール\landscape\debug\scenex.obj
c:\users\game104\desktop\自作ツール\landscape\landscape.ilk
c:\users\game104\desktop\自作ツール\landscape\landscape.exe
c:\users\game104\desktop\自作ツール\landscape\landscape.pdb
c:\users\game104\desktop\自作ツール\landscape\debug\landscape.res
c:\users\game104\desktop\自作ツール\landscape\debug\landscape.tlog\cl.command.1.tlog
c:\users\game104\desktop\自作ツール\landscape\debug\landscape.tlog\cl.read.1.tlog
c:\users\game104\desktop\自作ツール\landscape\debug\landscape.tlog\cl.write.1.tlog
c:\users\game104\desktop\自作ツール\landscape\debug\landscape.tlog\link.command.1.tlog
c:\users\game104\desktop\自作ツール\landscape\debug\landscape.tlog\link.read.1.tlog
c:\users\game104\desktop\自作ツール\landscape\debug\landscape.tlog\link.write.1.tlog
c:\users\game104\desktop\自作ツール\landscape\debug\landscape.tlog\rc.command.1.tlog
c:\users\game104\desktop\自作ツール\landscape\debug\landscape.tlog\rc.read.1.tlog
c:\users\game104\desktop\自作ツール\landscape\debug\landscape.tlog\rc.write.1.tlog
